compiling application: HPC_BD_assignement3_18582431_15884392
mpirun
Running application: HPC_BD_assignement3_18582431_15884392
Allocated tasks: 4
Tasks per node: 2
Initial Matrix M:
0 0 0 0 0 0 0 0 0 0 
0 0 1 0 0 0 0 0 0 0 
0 0 0 1 0 0 0 0 0 0 
0 1 1 1 0 0 0 0 0 0 
0 0 0 0 0 0 0 0 0 0 
0 0 0 0 0 0 0 0 0 0 
0 0 0 0 0 0 0 0 0 0 
0 0 0 0 0 0 0 0 0 0 
0 0 0 0 0 0 0 0 0 0 
0 0 0 0 0 0 0 0 0 0 
Process 1 - Iteration 0 - Sub-matrix:
0 0 0 0 0 0 0 
0 0 0 0 0 0 0 
0 0 0 0 0 0 0 
0 0 0 0 Process 3 - Iteration 0 - Sub-matrix:
0 0 0 0 0 0 0 
0 0 0 0 0 0 0 
0 0 0 0 0 0 0 
0 0 0 0 0 0 0 
0 0 0 
0 0 0 0 0 0 0 
0 0 0 0 0 0 0 
0 0 0 0 0 0 0 
0 0 0 0 0 0 0 
0 0 0 0 0 0 0 
0 0 0 0 0 0 0 
Process 0 - Iteration 0 - Sub-matrix:
0 0 0 0 0 0 0 Process 2 - Iteration 0 - Sub-matrix:
0 0 0 0 0 
0 0 0 0 0 0 0 
0 0 0 1 0 0 0 
0 0 0 0 1 0 0 
0 0 1 1 1 0 0 0 
0 0 0 0 0 0 0 
0 0 0 0 0 0 0 
0 0 0 0 0 0 0 
0 0 0 0 0 0 0 
0 
0 0 0 0 0 0 0 
0 0 0 0 0 0 Process 1 - Iteration 1 - Sub-matrix:
0 0 0 0 0 0 
0 0 0 0 0 0 0 
0 0 0 0 0 0 0 
Process 0 - Iteration 1 - Sub-matrix:
0 0 0 0 0 0 0 
0 0 0 0 0 0 0 0 0 
0 0 0 0 0 0 0 
0 0 0 0 0 0 0 
0 0 0 0 0 0 0 
0 0 0 0 0 0 
0 0 0 0 0 0 0 
0 0 0 
0 0 0 0 0 0 0 
0 1 0 1 0 0 
0 0 0 0 0 0 0 0 0 
1 1 0 0 
0 0 0 1 0 0 0 
0 0 0 0 0 0 0 
[Iteration 1] Total live cells = 5
Process 2 - Iteration 1 - Sub-matrix:
0 0 0 1 Process 1 - Iteration 2 - Sub-matrix:
0 0 0 0 0 Process 3 - Iteration 1 - Sub-matrix:
0 0 0 0 0 0 0 
0 0 0 0 Process 0 - Iteration 2 - Sub-matrix:
0 0 0 0 0 0 0 0 0 
0 0 0 0 0 0 0 0 0 
0 0 0 0 0 0 0 0 0 0 
0 0 0 0 0 0 
0 0 0 0 0 0 
0 0 0 0 0 0 0 

0 0 0 0 0 0 0 
0 0 0 
0 0 0 0 0 0 0 
0 0 0 0 0 0 0 0 0 0 0 0 0 0 
0 0 0 0 0 0 0 
0 0 0 0 0 
0 0 0 0 0 0 
0 0 0 0 1 0 0 
0 0 0 0 0 0 
0 0 0 0 0 
0 0 0 0 0 0 0 
0 0 0 0 0 0 0 0 1 0 1 0 0 
0 0 0 0 0 0 
0 0 0 0 
0 0 0 0 0 0 0 
0 
0 0 0 0 0 0 0 0 0 1 1 0 0 
0 0 0 0 0 
0 0 0 0 0 
0 
Process 2 - Iteration 2 - Sub-matrix:
0 0 Process 0 - Iteration 3 - Sub-matrix:
0 Process 3 - Iteration 2 - Sub-matrix:
0 0 0 0 0 0 0 
0 Process 1 - Iteration 3 - Sub-matrix:
0 0 0 0 0 0 0 
0 0 0 1 1 0 0 
0 0 0 0 0 0 0 0 0 
0 0 0 0 0 0 0 0 
0 0 0 0 0 0 0 
0 0 0 0 0 0 0 0 0 
0 0 0 0 0 0 0 0 0 
0 0 0 0 0 0 0 0 
0 0 0 0 0 
0 0 0 0 0 0 0 0 0 
0 0 0 0 0 0 0 0 
0 0 0 0 0 0 0 
0 0 0 0 
1 0 0 0 0 0 0 
0 0 0 0 
0 0 0 0 0 1 0 0 0 
0 0 0 0 0 0 0 0 
0 0 0 0 0 0 0 0 0 0 
0 0 0 0 
0 0 0 0 0 0 1 1 0 
0 0 0 1 1 0 0 0 
0 0 0 0 0 0 0 0 0 
0 
0 0 0 0 0 0 0 0 0 
0 0 0 0 0 0 0 0 
0 0 

Process 0 - Iteration 4 - Sub-matrix:
0 0 Process 2 - Iteration 3 - Sub-matrix:
0 0 Process 1 - Iteration 4 - Sub-matrix:
0 0 0 0 0 0 0 
0 0 Process 3 - Iteration 3 - Sub-matrix:
0 0 0 0 0 0 0 
0 0 0 0 0 0 
0 0 0 0 1 1 0 0 
0 0 0 0 0 0 0 0 
0 0 0 0 0 0 0 0 0 0 0 0 
0 0 0 0 0 0 
0 0 0 0 0 0 0 0 0 
0 0 0 0 0 
0 0 0 0 0 0 0 
1 0 0 0 0 0 
0 0 0 0 0 
0 0 0 0 1 0 0 0 0 
0 0 0 0 0 0 0 0 0 0 0 
1 0 0 0 0 0 0 0 0 
0 0 0 0 0 
0 0 0 0 0 1 0 0 
0 0 0 0 0 0 0 0 
0 0 0 0 0 0 0 0 0 0 
0 0 0 0 0 0 
0 0 0 1 1 1 0 0 
0 0 0 0 0 0 0 
0 0 
0 0 0 0 0 0 
0 0 0 0 0 0 0 

0 0 0 0 0 0 0 
Process 0 - Iteration 5 - Sub-matrix:
0 0 0 
Process 1 - Iteration 5 - Sub-matrix:
0 0 0 0 0 0 0 
0 0 Process 2 - Iteration 4 - Sub-matrix:
0 0 0 0 0 0 
0 0 0 Process 3 - Iteration 4 - Sub-matrix:
1 0 0 0 0 0 0 
0 0 0 0 0 0 
0 0 0 0 0 0 0 0 1 1 1 0 
0 0 0 0 0 0 
0 0 0 0 0 0 0 0 0 0 
0 0 0 
0 0 0 0 0 0 0 
1 0 0 0 0 0 0 0 
0 0 0 0 0 0 
0 0 0 0 0 0 0 0 0 0 
0 0 0 0 0 0 0 
1 0 0 0 0 0 0 0 
0 0 0 0 0 0 
0 0 0 1 0 0 0 0 0 
0 0 0 0 0 0 0 
0 0 0 0 0 0 0 0 0 0 
0 0 0 0 0 1 0 
0 0 0 0 1 1 0 0 0 
0 0 0 0 0 
0 0 
0 0 0 0 0 0 0 
0 0 0 0 1 0 0 0 0 
0 0 0 0 0 0 
0 
0 0 0 0 0 0 0 Process 1 - Iteration 6 - Sub-matrix:
0 0 0 0 0 0 
Process 0 - Iteration 6 - Sub-matrix:
0 0 0 0 0 0 
0 0 
0 0 0 0 0 0 0 Process 2 - Iteration 5 - Sub-matrix:
0 0 0 
0 0 0 0 0 0 Process 3 - Iteration 5 - Sub-matrix:
1 0 0 0 0 0 0 
0 0 
0 0 0 0 0 0 0 
0 0 0 1 1 0 
0 0 0 0 0 
0 0 0 0 0 0 0 
0 0 0 0 0 0 0 
0 0 0 0 0 0 0 0 
0 0 0 0 0 0 0 0 0 
1 0 0 0 0 0 0 
1 0 0 0 1 0 0 
0 0 0 0 0 0 0 1 0 
0 0 0 1 0 0 0 0 
0 0 0 0 0 0 0 
1 0 0 0 0 0 0 0 0 
0 0 0 0 0 0 0 1 0 
0 0 0 0 1 0 0 0 
0 0 0 0 0 
0 
0 0 0 0 0 0 0 1 0 
0 0 
0 0 0 0 0 0 0 Process 1 - Iteration 7 - Sub-matrix:
0 0 0 0 0 
0 0 0 0 0 0 0 
Process 0 - Iteration 7 - Sub-matrix:
0 0 0 0 0 0 
0 0 0 0 0 0 0 
0 0 
0 0 0 0 0 0 0 
0 0 0 0 0 0 0 
0 
0 0 0 0 0 0 0 Process 2 - Iteration 6 - Sub-matrix:
0 0 0 0 0 0 0 0 
0 0 0 Process 3 - Iteration 6 - Sub-matrix:
1 0 0 0 0 0 0 
1 
0 0 0 0 0 0 0 
0 0 1 0 1 0 
0 0 0 0 0 0 
0 0 0 0 0 0 0 
0 0 0 0 0 0 
0 0 0 0 0 0 0 0 0 
0 0 0 1 1 0 
0 0 0 1 1 0 0 0 0 0 
1 0 0 0 0 0 0 
0 0 0 0 0 1 0 0 
0 0 0 0 0 0 
0 0 0 0 0 0 0 0 0 
0 0 0 0 0 
0 0 0 0 0 0 1 1 
0 0 0 0 0 0 
0 0 0 0 0 1 1 0 
0 0 0 0 
0 0 0 0 Process 1 - Iteration 8 - Sub-matrix:
0 0 0 0 0 0 0 0 
0 0 0 0 0 Process 0 - Iteration 8 - Sub-matrix:
0 0 0 0 0 0 0 0 0 
0 0 0 0 0 0 0 
0 0 0 0 0 0 0 
0 0 
0 0 0 0 0 0 0 
0 0 0 0 0 0 0 0 
0 0 0 0 0 0 0 
0 0 0 
0 
0 0 0 0 0 0 0 Process 2 - Iteration 7 - Sub-matrix:
0 0 0 0 0 0 
1 0 0 0 Process 3 - Iteration 7 - Sub-matrix:
1 1 0 0 0 0 0 
1 
0 0 0 0 0 0 0 
0 0 0 0 1 1 
0 0 0 0 0 
0 1 0 0 0 0 0 
1 0 0 0 0 0 0 
0 0 0 0 0 0 0 1 0 
0 0 0 1 1 0 
0 0 0 1 0 0 0 0 0 
0 0 0 0 0 
0 0 0 0 0 0 0 0 1 
0 0 0 0 0 0 
0 0 0 0 0 0 1 1 1 0 0 0 0 
0 0 0 0 
0 0 0 
0 0 0 0 0 Process 1 - Iteration 9 - Sub-matrix:
0 0 0 0 0 0 0 0 
0 0 0 0 0 Process 0 - Iteration 9 - Sub-matrix:
0 0 0 0 0 0 0 0 0 
0 0 0 0 0 0 0 0 
0 0 0 0 0 0 0 
0 0 0 0 
0 0 0 0 0 0 
0 0 0 0 0 0 0 
0 
0 0 0 0 0 0 0 0 0 0 0 0 
0 0 0 0 0 0 0 0 
0 0 0 0 0 0 0 
0 

0 0 0 0 0 0 0 
0 1 Process 3 - Iteration 8 - Sub-matrix:
0 1 0 0 0 0 0 0 0 0 0 
0 0 0 Process 2 - Iteration 8 - Sub-matrix:
0 0 0 0 0 0 0 0 0 0 
1 1 0 0 0 0 0 0 0 
1 1 0 0 0 0 0 0 0 0 
0 0 0 0 0 1 
0 0 0 0 1 1 
0 
0 0 0 0 0 0 0 1 0 1 
0 0 0 0 1 
0 0 0 0 0 0 0 1 1 

0 0 0 0 0 0 0 
0 
0 0 0 0 0 0 0 0 0 0 0 0 0 0 
0 
0 0 0 0 0 0 0 
0 0 0 0 0 0 
0 0 0 0 0 0 0 0 
0 0 0 0 0 0 0 
0 0 0 0 0 0 
Process 3 - Iteration 9 - Sub-matrix:
0 1 0 0 0 Process 2 - Iteration 9 - Sub-matrix:
0 0 0 0 1 0 0 0 
1 1 0 0 0 0 1 
0 0 0 0 0 1 1 0 
1 0 0 0 0 0 0 
0 0 0 0 0 1 0 

0 0 0 0 0 0 0 
0 0 0 0 0 0 0 
0 0 0 0 0 0 0 0 
0 0 0 0 0 0 0 
0 0 0 0 0 0 0 
0 0 0 0 0 0 0 0 
0 0 0 0 0 0 0 
0 0 0 0 0 
